[debug] [2025-04-29T13:58:15.983Z] ----------------------------------------------------------------------
[debug] [2025-04-29T13:58:15.986Z] Command:       /usr/bin/node-22 /home/louwertman/Documents/Coding/lifeLog/node_modules/.pnpm/firebase-tools@14.2.1_encoding@0.1.13/node_modules/firebase-tools/lib/bin/firebase.js deploy
[debug] [2025-04-29T13:58:15.987Z] CLI Version:   14.2.1
[debug] [2025-04-29T13:58:15.987Z] Platform:      linux
[debug] [2025-04-29T13:58:15.987Z] Node Version:  v22.14.0
[debug] [2025-04-29T13:58:15.987Z] Time:          Tue Apr 29 2025 09:58:15 GMT-0400 (Eastern Daylight Time)
[debug] [2025-04-29T13:58:15.987Z] ----------------------------------------------------------------------
[debug] 
[debug] [2025-04-29T13:58:16.209Z] > command requires scopes: ["email","openid","https://www.googleapis.com/auth/cloudplatformprojects.readonly","https://www.googleapis.com/auth/firebase","https://www.googleapis.com/auth/cloud-platform"]
[debug] [2025-04-29T13:58:16.210Z] > authorizing via signed-in user (channahtrimble@gmail.com)
[debug] [2025-04-29T13:58:16.210Z] [iam] checking project lifelog-9ccb4 for permissions ["firebase.projects.get","firebasehosting.sites.update"]
[debug] [2025-04-29T13:58:16.212Z] Checked if tokens are valid: true, expires at: 1745936779488
[debug] [2025-04-29T13:58:16.212Z] Checked if tokens are valid: true, expires at: 1745936779488
[debug] [2025-04-29T13:58:16.213Z] >>> [apiv2][query] POST https://cloudresourcemanager.googleapis.com/v1/projects/lifelog-9ccb4:testIamPermissions [none]
[debug] [2025-04-29T13:58:16.213Z] >>> [apiv2][(partial)header] POST https://cloudresourcemanager.googleapis.com/v1/projects/lifelog-9ccb4:testIamPermissions x-goog-quota-user=projects/lifelog-9ccb4
[debug] [2025-04-29T13:58:16.213Z] >>> [apiv2][body] POST https://cloudresourcemanager.googleapis.com/v1/projects/lifelog-9ccb4:testIamPermissions {"permissions":["firebase.projects.get","firebasehosting.sites.update"]}
[debug] [2025-04-29T13:58:16.376Z] <<< [apiv2][status] POST https://cloudresourcemanager.googleapis.com/v1/projects/lifelog-9ccb4:testIamPermissions 200
[debug] [2025-04-29T13:58:16.377Z] <<< [apiv2][body] POST https://cloudresourcemanager.googleapis.com/v1/projects/lifelog-9ccb4:testIamPermissions {"permissions":["firebase.projects.get","firebasehosting.sites.update"]}
[debug] [2025-04-29T13:58:16.378Z] Checked if tokens are valid: true, expires at: 1745936779488
[debug] [2025-04-29T13:58:16.378Z] Checked if tokens are valid: true, expires at: 1745936779488
[debug] [2025-04-29T13:58:16.379Z] >>> [apiv2][query] GET https://firebase.googleapis.com/v1beta1/projects/lifelog-9ccb4 [none]
[debug] [2025-04-29T13:58:16.806Z] <<< [apiv2][status] GET https://firebase.googleapis.com/v1beta1/projects/lifelog-9ccb4 200
[debug] [2025-04-29T13:58:16.806Z] <<< [apiv2][body] GET https://firebase.googleapis.com/v1beta1/projects/lifelog-9ccb4 {"projectId":"lifelog-9ccb4","projectNumber":"10670713969","displayName":"LifeLog","name":"projects/lifelog-9ccb4","resources":{"hostingSite":"lifelog-9ccb4"},"state":"ACTIVE","etag":"1_e506457b-40a1-464b-8df2-b0dadb21ba0a"}
[info] 
[info] === Deploying to 'lifelog-9ccb4'...
[info] 
[info] i  deploying hosting 
[debug] [2025-04-29T13:58:16.831Z] Checked if tokens are valid: true, expires at: 1745936779488
[debug] [2025-04-29T13:58:16.831Z] Checked if tokens are valid: true, expires at: 1745936779488
[debug] [2025-04-29T13:58:16.831Z] >>> [apiv2][query] POST https://firebasehosting.googleapis.com/v1beta1/projects/-/sites/lifelog-9ccb4/versions [none]
[debug] [2025-04-29T13:58:16.831Z] >>> [apiv2][body] POST https://firebasehosting.googleapis.com/v1beta1/projects/-/sites/lifelog-9ccb4/versions {"status":"CREATED","labels":{"deployment-tool":"cli-firebase"}}
